<?xml version="1.0" encoding="UTF-8"?>
<testsuite name="exercicioestoque.estoqueTeste" tests="6" skipped="0" failures="0" errors="0" timestamp="2025-02-19T18:23:26" hostname="THIAGO_REIS" time="0.027">
  <properties/>
  <testcase name="consultarQuantidadeTest()" classname="exercicioestoque.estoqueTeste" time="0.016"/>
  <testcase name="limparEstoqueTest()" classname="exercicioestoque.estoqueTeste" time="0.002"/>
  <testcase name="maisEstocadoTest()" classname="exercicioestoque.estoqueTeste" time="0.001"/>
  <testcase name="addProdutoTest()" classname="exercicioestoque.estoqueTeste" time="0.001"/>
  <testcase name="removerProdutoTest()" classname="exercicioestoque.estoqueTeste" time="0.0"/>
  <testcase name="someEmAddProdutoTest()" classname="exercicioestoque.estoqueTeste" time="0.001"/>
  <system-out><![CDATA[]]></system-out>
  <system-err><![CDATA[]]></system-err>
</testsuite>
