<?xml version="1.0" encoding="UTF-8"?>
<testsuite name="atividadeEstoqueTeste.estoqueTest" tests="1" skipped="0" failures="0" errors="0" timestamp="2025-02-14T19:49:12" hostname="THIAGO_REIS" time="0.02">
  <properties/>
  <testcase name="addProdutoTest()" classname="atividadeEstoqueTeste.estoqueTest" time="0.02"/>
  <system-out><![CDATA[]]></system-out>
  <system-err><![CDATA[]]></system-err>
</testsuite>
